  main.cpp
C:\Program Files (x86)\Windows Kits\10\Include\10.0.22000.0\shared\minwindef.h(130,1): warning C4005: 'APIENTRY': macro redefinition
C:\Users\adamw\REPOS\GRK-Projekt-PGT\dependencies\glfw-3.3.8.bin.WIN32\include\GLFW\glfw3.h(123,1): message : see previous definition of 'APIENTRY'
C:\Users\adamw\REPOS\GRK-Projekt-PGT\grk-projekt\src\worldSpaceLoader.hpp(166,30): warning C4305: 'initializing': truncation from 'double' to 'float'
C:\Users\adamw\REPOS\GRK-Projekt-PGT\grk-projekt\src\worldSpaceLoader.hpp(279,38): warning C4305: '=': truncation from 'double' to 'float'
C:\Users\adamw\REPOS\GRK-Projekt-PGT\grk-projekt\src\worldSpaceLoader.hpp(302,16): warning C4305: 'initializing': truncation from 'double' to 'float'
C:\Users\adamw\REPOS\GRK-Projekt-PGT\grk-projekt\src\worldSpaceLoader.hpp(389,13): warning C4244: 'initializing': conversion from 'double' to 'float', possible loss of data
C:\Users\adamw\REPOS\GRK-Projekt-PGT\grk-projekt\src\worldSpaceLoader.hpp(530,57): warning C4244: 'argument': conversion from 'double' to 'float', possible loss of data
C:\Users\adamw\REPOS\GRK-Projekt-PGT\grk-projekt\src\worldSpaceLoader.hpp(538,57): warning C4244: 'argument': conversion from 'double' to 'float', possible loss of data
C:\Users\adamw\REPOS\GRK-Projekt-PGT\grk-projekt\src\worldSpaceLoader.hpp(546,57): warning C4244: 'argument': conversion from 'double' to 'float', possible loss of data
C:\Users\adamw\REPOS\GRK-Projekt-PGT\grk-projekt\src\worldSpaceLoader.hpp(554,57): warning C4244: 'argument': conversion from 'double' to 'float', possible loss of data
C:\Users\adamw\REPOS\GRK-Projekt-PGT\grk-projekt\src\worldSpaceLoader.hpp(565,13): warning C4244: 'initializing': conversion from 'double' to 'float', possible loss of data
C:\Users\adamw\REPOS\GRK-Projekt-PGT\grk-projekt\src\worldSpaceLoader.hpp(617,17): warning C4244: 'argument': conversion from 'const float' to 'GLsizei', possible loss of data
C:\Users\adamw\REPOS\GRK-Projekt-PGT\grk-projekt\src\worldSpaceLoader.hpp(617,3): warning C4244: 'argument': conversion from 'const float' to 'GLsizei', possible loss of data
C:\Users\adamw\REPOS\GRK-Projekt-PGT\grk-projekt\src\worldSpaceLoader.hpp(639,13): warning C4244: 'initializing': conversion from 'double' to 'float', possible loss of data
C:\Users\adamw\REPOS\GRK-Projekt-PGT\grk-projekt\src\worldSpaceLoader.hpp(640,33): warning C4244: 'argument': conversion from 'const float' to 'GLsizei', possible loss of data
C:\Users\adamw\REPOS\GRK-Projekt-PGT\grk-projekt\src\worldSpaceLoader.hpp(640,19): warning C4244: 'argument': conversion from 'const float' to 'GLsizei', possible loss of data
C:\Users\adamw\REPOS\GRK-Projekt-PGT\grk-projekt\src\worldSpaceLoader.hpp(643,33): warning C4244: 'argument': conversion from 'const float' to 'GLsizei', possible loss of data
C:\Users\adamw\REPOS\GRK-Projekt-PGT\grk-projekt\src\worldSpaceLoader.hpp(643,19): warning C4244: 'argument': conversion from 'const float' to 'GLsizei', possible loss of data
C:\Users\adamw\REPOS\GRK-Projekt-PGT\grk-projekt\src\worldSpaceLoader.hpp(760,13): warning C4244: 'initializing': conversion from 'double' to 'float', possible loss of data
C:\Users\adamw\REPOS\GRK-Projekt-PGT\grk-projekt\src\worldSpaceLoader.hpp(872,19): warning C4244: '=': conversion from 'double' to 'float', possible loss of data
C:\Users\adamw\REPOS\GRK-Projekt-PGT\grk-projekt\src\worldSpaceLoader.hpp(873,19): warning C4244: '=': conversion from 'double' to 'float', possible loss of data
C:\Users\adamw\REPOS\GRK-Projekt-PGT\grk-projekt\src\worldSpaceLoader.hpp(893,16): warning C4244: '=': conversion from 'double' to 'int', possible loss of data
Box.obj : warning LNK4075: ignoring '/EDITANDCONTINUE' due to '/INCREMENTAL:NO' specification
LINK : warning LNK4098: defaultlib 'MSVCRT' conflicts with use of other libs; use /NODEFAULTLIB:library
  grk-projekt.vcxproj -> C:\Users\adamw\REPOS\GRK-Projekt-PGT\Debug\grk-projekt.exe
